<?xml version="1.0" encoding="UTF-8"?>
<!-- Generated by org.testng.reporters.JUnitReportReporter -->
<testsuite skipped="0" hostname="kd-pc" name="Frameworks.Data_Driven" tests="1" failures="0" timestamp="29 Apr 2019 15:33:09 GMT" time="17.167" errors="0">
  <testcase name="flightbook" time="17.167" classname="Frameworks.Data_Driven"/>
</testsuite> <!-- Frameworks.Data_Driven -->
