<?xml version="1.0" encoding="UTF-8"?>
<!-- Generated by org.testng.reporters.JUnitReportReporter -->
<testsuite skipped="0" hostname="kd-pc" name="Annotations.TentngAnotationSequence" tests="2" failures="0" timestamp="28 Apr 2019 13:19:50 GMT" time="0.023" errors="0">
  <testcase name="test2" time="0.006" classname="Annotations.TentngAnotationSequence"/>
  <testcase name="test1" time="0.017" classname="Annotations.TentngAnotationSequence"/>
</testsuite> <!-- Annotations.TentngAnotationSequence -->
