<?xml version="1.0" encoding="UTF-8"?>
<!-- Generated by org.testng.reporters.JUnitReportReporter -->
<testsuite skipped="0" hostname="kd-pc" name="parallel_execution.parallerbrowsertest" tests="4" failures="0" timestamp="28 Apr 2019 07:13:21 GMT" time="7.087" errors="0">
  <testcase name="getTextFromAlert" time="2.349" classname="parallel_execution.parallerbrowsertest"/>
  <testcase name="getTextFromAlert" time="1.415" classname="parallel_execution.parallerbrowsertest"/>
  <testcase name="verifyTitle" time="2.263" classname="parallel_execution.parallerbrowsertest"/>
  <testcase name="verifyTitle" time="1.060" classname="parallel_execution.parallerbrowsertest"/>
</testsuite> <!-- parallel_execution.parallerbrowsertest -->
