<?xml version="1.0" encoding="UTF-8"?>
<!-- Generated by org.testng.reporters.JUnitReportReporter -->
<testsuite skipped="0" hostname="kd-pc" name="Test.TestLogin" tests="1" failures="0" timestamp="07 May 2019 17:54:11 GMT" time="4.992" errors="0">
  <testcase name="verifyhomepagetitle" time="4.992" classname="Test.TestLogin"/>
</testsuite> <!-- Test.TestLogin -->
